<?xml version="1.0" encoding="UTF-8"?>
<!-- Generated by org.testng.reporters.JUnitReportReporter -->
<testsuite hostname="DESKTOP-8TLN01N" failures="0" tests="1" name="tests.SoapXMLRequest" time="0.653" errors="0" timestamp="2024-11-07T15:48:18 EET" skipped="0">
  <testcase classname="tests.SoapXMLRequest" name="validateSoapXML" time="0.653"/>
</testsuite> <!-- tests.SoapXMLRequest -->
