<?xml version="1.0" encoding="UTF-8"?>
<!-- Generated by org.testng.reporters.JUnitReportReporter -->
<testsuite hostname="DESKTOP-8TLN01N" failures="0" tests="1" name="tests.TestsOnLocalAPI" time="7.392" errors="0" timestamp="2024-11-07T13:28:01 EET" skipped="0">
  <testcase classname="tests.TestsOnLocalAPI" name="get" time="7.392"/>
</testsuite> <!-- tests.TestsOnLocalAPI -->
