<?xml version="1.0" encoding="UTF-8"?>
<!-- Generated by org.testng.reporters.JUnitReportReporter -->
<testsuite hostname="DESKTOP-8TLN01N" failures="0" tests="3" name="tests.GetandPost" time="4.085" errors="0" timestamp="2024-11-07T15:48:18 EET" skipped="0">
  <testcase classname="tests.GetandPost" name="testGet" time="3.664"/>
  <testcase classname="tests.GetandPost" name="testPost2" time="0.409"/>
  <testcase classname="tests.GetandPost" name="testPost" time="0.012"/>
</testsuite> <!-- tests.GetandPost -->
