<?xml version="1.0" encoding="UTF-8"?>
<!-- Generated by org.testng.reporters.JUnitReportReporter -->
<testsuite hostname="DESKTOP-8TLN01N" failures="0" tests="2" name="tests.Get" time="0.233" errors="0" timestamp="2024-11-07T15:48:18 EET" skipped="0">
  <testcase classname="tests.Get" name="test_1" time="0.125"/>
  <testcase classname="tests.Get" name="test_2" time="0.108"/>
</testsuite> <!-- tests.Get -->
