<?xml version="1.0" encoding="UTF-8"?>
<!-- Generated by org.testng.reporters.JUnitReportReporter -->
<testsuite hostname="DESKTOP-8TLN01N" failures="0" tests="3" name="tests.PutPatchDelete" time="0.773" errors="0" timestamp="2024-11-07T15:48:18 EET" skipped="0">
  <testcase classname="tests.PutPatchDelete" name="testDelete" time="0.225"/>
  <testcase classname="tests.PutPatchDelete" name="testPatch" time="0.266"/>
  <testcase classname="tests.PutPatchDelete" name="testPut" time="0.282"/>
</testsuite> <!-- tests.PutPatchDelete -->
