<?xml version="1.0" encoding="UTF-8"?>
<!-- Generated by org.testng.reporters.JUnitReportReporter -->
<testsuite hostname="DESKTOP-EVQ8K7V" failures="0" tests="2" name="tests.TestsExamples" time="0.366" errors="0" timestamp="2024-11-08T13:38:17 EET" skipped="0">
  <testcase classname="tests.TestsExamples" name="test_1" time="0.124"/>
  <testcase classname="tests.TestsExamples" name="test_2" time="0.242"/>
</testsuite> <!-- tests.TestsExamples -->
