<?xml version="1.0" encoding="UTF-8"?>
<!-- Generated by org.testng.reporters.JUnitReportReporter -->
<testsuite hostname="DESKTOP-EVQ8K7V" failures="0" tests="1" name="tests.SoapXMLRequest" time="0.757" errors="0" timestamp="2024-11-08T13:38:17 EET" skipped="0">
  <testcase classname="tests.SoapXMLRequest" name="validateSoapXML" time="0.757"/>
</testsuite> <!-- tests.SoapXMLRequest -->
