<?xml version="1.0" encoding="UTF-8"?>
<!-- Generated by org.testng.reporters.JUnitReportReporter -->
<testsuite hostname="DESKTOP-EVQ8K7V" failures="0" tests="3" name="tests.PutPatchDelete" time="0.888" errors="0" timestamp="2024-11-08T13:38:17 EET" skipped="0">
  <testcase classname="tests.PutPatchDelete" name="testPatch" time="0.265"/>
  <testcase classname="tests.PutPatchDelete" name="testPut" time="0.294"/>
  <testcase classname="tests.PutPatchDelete" name="testDelete" time="0.329"/>
</testsuite> <!-- tests.PutPatchDelete -->
