<?xml version="1.0" encoding="UTF-8"?>
<!-- Generated by org.testng.reporters.JUnitReportReporter -->
<testsuite hostname="DESKTOP-8TLN01N" failures="0" tests="2" name="tests.TestsExamples" time="0.194" errors="0" timestamp="2024-11-07T15:48:18 EET" skipped="0">
  <testcase classname="tests.TestsExamples" name="test_1" time="0.095"/>
  <testcase classname="tests.TestsExamples" name="test_2" time="0.099"/>
</testsuite> <!-- tests.TestsExamples -->
