<?xml version="1.0" encoding="UTF-8"?>
<!-- Generated by org.testng.reporters.JUnitReportReporter -->
<testsuite hostname="DESKTOP-8TLN01N" failures="0" tests="2" name="tests.GetAndPostExamples" time="4.418" errors="0" timestamp="2024-11-04T07:42:04 EET" skipped="0">
  <testcase classname="tests.GetAndPostExamples" name="Post" time="0.341"/>
  <testcase classname="tests.GetAndPostExamples" name="Get" time="4.077"/>
</testsuite> <!-- tests.GetAndPostExamples -->
