<?xml version="1.0" encoding="UTF-8"?>
<!-- Generated by org.testng.reporters.JUnitReportReporter -->
<testsuite hostname="DESKTOP-EVQ8K7V" failures="0" tests="3" name="tests.GetandPost" time="6.746" errors="0" timestamp="2024-11-08T13:38:17 EET" skipped="0">
  <testcase classname="tests.GetandPost" name="testGet" time="6.298"/>
  <testcase classname="tests.GetandPost" name="testPost2" time="0.436"/>
  <testcase classname="tests.GetandPost" name="testPost" time="0.012"/>
</testsuite> <!-- tests.GetandPost -->
