<?xml version="1.0" encoding="UTF-8"?>
<!-- Generated by org.testng.reporters.JUnitReportReporter -->
<testsuite hostname="DESKTOP-EVQ8K7V" failures="0" tests="2" name="tests.Get" time="0.311" errors="0" timestamp="2024-11-08T13:38:17 EET" skipped="0">
  <testcase classname="tests.Get" name="test_1" time="0.121"/>
  <testcase classname="tests.Get" name="test_2" time="0.190"/>
</testsuite> <!-- tests.Get -->
